<?xml version="1.0" encoding="UTF-8"?>
<testsuite name="dev.findfirst.bookmarkit.PasswordEncryptTest" tests="1" skipped="0" failures="0" errors="0" timestamp="2023-09-12T10:54:42" hostname="sandbox" time="0.074">
  <properties/>
  <testcase name="encodeEncryptUserPassword()" classname="dev.findfirst.bookmarkit.PasswordEncryptTest" time="0.074"/>
  <system-out><![CDATA[2023-09-12T06:54:42.146-04:00  INFO 1126598 --- [    Test worker] t.c.s.AnnotationConfigContextLoaderUtils : Could not detect default configuration classes for test class [dev.findfirst.bookmarkit.PasswordEncryptTest]: PasswordEncryptTest does not declare any static, non-private, non-final, nested classes annotated with @Configuration.
encoded password = $2a$10$LU5TWmVSWBEbsEtUMOMQ5euf825mSXiegoTaCFRqFU8pBsBDYM712
]]></system-out>
  <system-err><![CDATA[]]></system-err>
</testsuite>
