<?xml version="1.0" encoding="UTF-8"?>
<testsuite name="dev.findfirst.bookmarkit.service.TagServiceTest" tests="1" skipped="1" failures="0" errors="0" timestamp="2023-09-12T10:54:42" hostname="sandbox" time="0.0">
  <properties/>
  <testcase name="getNumberOfBookmarksThatBelongToEachTag()" classname="dev.findfirst.bookmarkit.service.TagServiceTest" time="0.0">
    <skipped/>
  </testcase>
  <system-out><![CDATA[]]></system-out>
  <system-err><![CDATA[]]></system-err>
</testsuite>
